The system is: Darwin - 18.7.0 - x86_64
Compiling the C compiler identification source file "CMakeCCompilerId.c" succeeded.
Compiler: /Applications/Xcode.app/Contents/Developer/Toolchains/XcodeDefault.xctoolchain/usr/bin/cc 
Build flags: 
Id flags:  

The output was:
0


Compilation of the C compiler identification source "CMakeCCompilerId.c" produced "a.out"

The C compiler identification is AppleClang, found in "/Users/jmacey/teaching/Code/WebAsm/SequenceBlock/CMakeFiles/3.13.0-rc2/CompilerIdC/a.out"

Compiling the CXX compiler identification source file "CMakeCXXCompilerId.cpp" succeeded.
Compiler: /Users/jmacey/emsdk/fastcomp/emscripten/em++ 
Build flags: -s;WASM=1;-s;USE_SDL=2;-O3
Id flags:  

The output was:
0


Compilation of the CXX compiler identification source "CMakeCXXCompilerId.cpp" produced "a.out.js"

Compilation of the CXX compiler identification source "CMakeCXXCompilerId.cpp" produced "a.out.wasm"

The CXX compiler identification is Clang, found in "/Users/jmacey/teaching/Code/WebAsm/SequenceBlock/CMakeFiles/3.13.0-rc2/CompilerIdCXX/a.out.wasm"

Determining if the C compiler works passed with the following output:
Change Dir: /Users/jmacey/teaching/Code/WebAsm/SequenceBlock/CMakeFiles/CMakeTmp

Run Build Command:"/usr/bin/make" "cmTC_70eaa/fast"
/Applications/Xcode.app/Contents/Developer/usr/bin/make -f CMakeFiles/cmTC_70eaa.dir/build.make CMakeFiles/cmTC_70eaa.dir/build
Building C object CMakeFiles/cmTC_70eaa.dir/testCCompiler.c.o
/Applications/Xcode.app/Contents/Developer/Toolchains/XcodeDefault.xctoolchain/usr/bin/cc   -isysroot /Applications/Xcode.app/Contents/Developer/Platforms/MacOSX.platform/Developer/SDKs/MacOSX10.14.sdk   -o CMakeFiles/cmTC_70eaa.dir/testCCompiler.c.o   -c /Users/jmacey/teaching/Code/WebAsm/SequenceBlock/CMakeFiles/CMakeTmp/testCCompiler.c
Linking C executable cmTC_70eaa
/Applications/CMake.app/Contents/bin/cmake -E cmake_link_script CMakeFiles/cmTC_70eaa.dir/link.txt --verbose=1
/Applications/Xcode.app/Contents/Developer/Toolchains/XcodeDefault.xctoolchain/usr/bin/cc   -isysroot /Applications/Xcode.app/Contents/Developer/Platforms/MacOSX.platform/Developer/SDKs/MacOSX10.14.sdk -Wl,-search_paths_first -Wl,-headerpad_max_install_names   CMakeFiles/cmTC_70eaa.dir/testCCompiler.c.o  -o cmTC_70eaa 


Detecting C compiler ABI info compiled with the following output:
Change Dir: /Users/jmacey/teaching/Code/WebAsm/SequenceBlock/CMakeFiles/CMakeTmp

Run Build Command:"/usr/bin/make" "cmTC_ab542/fast"
/Applications/Xcode.app/Contents/Developer/usr/bin/make -f CMakeFiles/cmTC_ab542.dir/build.make CMakeFiles/cmTC_ab542.dir/build
Building C object CMakeFiles/cmTC_ab542.dir/CMakeCCompilerABI.c.o
/Applications/Xcode.app/Contents/Developer/Toolchains/XcodeDefault.xctoolchain/usr/bin/cc   -isysroot /Applications/Xcode.app/Contents/Developer/Platforms/MacOSX.platform/Developer/SDKs/MacOSX10.14.sdk   -o CMakeFiles/cmTC_ab542.dir/CMakeCCompilerABI.c.o   -c /Applications/CMake.app/Contents/share/cmake-3.13/Modules/CMakeCCompilerABI.c
Linking C executable cmTC_ab542
/Applications/CMake.app/Contents/bin/cmake -E cmake_link_script CMakeFiles/cmTC_ab542.dir/link.txt --verbose=1
/Applications/Xcode.app/Contents/Developer/Toolchains/XcodeDefault.xctoolchain/usr/bin/cc   -isysroot /Applications/Xcode.app/Contents/Developer/Platforms/MacOSX.platform/Developer/SDKs/MacOSX10.14.sdk -Wl,-search_paths_first -Wl,-headerpad_max_install_names  -v -Wl,-v CMakeFiles/cmTC_ab542.dir/CMakeCCompilerABI.c.o  -o cmTC_ab542 
Apple LLVM version 10.0.1 (clang-1001.0.46.4)
Target: x86_64-apple-darwin18.7.0
Thread model: posix
InstalledDir: /Applications/Xcode.app/Contents/Developer/Toolchains/XcodeDefault.xctoolchain/usr/bin
Found CUDA installation: /Developer/NVIDIA/CUDA-9.1, version 9.1
 "/Applications/Xcode.app/Contents/Developer/Toolchains/XcodeDefault.xctoolchain/usr/bin/ld" -demangle -lto_library /Applications/Xcode.app/Contents/Developer/Toolchains/XcodeDefault.xctoolchain/usr/lib/libLTO.dylib -dynamic -arch x86_64 -macosx_version_min 10.14.0 -syslibroot /Applications/Xcode.app/Contents/Developer/Platforms/MacOSX.platform/Developer/SDKs/MacOSX10.14.sdk -o cmTC_ab542 -search_paths_first -headerpad_max_install_names -v CMakeFiles/cmTC_ab542.dir/CMakeCCompilerABI.c.o -lSystem /Applications/Xcode.app/Contents/Developer/Toolchains/XcodeDefault.xctoolchain/usr/lib/clang/10.0.1/lib/darwin/libclang_rt.osx.a
@(#)PROGRAM:ld  PROJECT:ld64-450.3
BUILD 18:16:53 Apr  5 2019
configured to support archs: armv6 armv7 armv7s arm64 arm64e arm64_32 i386 x86_64 x86_64h armv6m armv7k armv7m armv7em
Library search paths:
	/Applications/Xcode.app/Contents/Developer/Platforms/MacOSX.platform/Developer/SDKs/MacOSX10.14.sdk/usr/lib
Framework search paths:
	/Applications/Xcode.app/Contents/Developer/Platforms/MacOSX.platform/Developer/SDKs/MacOSX10.14.sdk/System/Library/Frameworks/


Parsed C implicit link information from above output:
  link line regex: [^( *|.*[/\])(ld|CMAKE_LINK_STARTFILE-NOTFOUND|([^/\]+-)?ld|collect2)[^/\]*( |$)]
  ignore line: [Change Dir: /Users/jmacey/teaching/Code/WebAsm/SequenceBlock/CMakeFiles/CMakeTmp]
  ignore line: []
  ignore line: [Run Build Command:"/usr/bin/make" "cmTC_ab542/fast"]
  ignore line: [/Applications/Xcode.app/Contents/Developer/usr/bin/make -f CMakeFiles/cmTC_ab542.dir/build.make CMakeFiles/cmTC_ab542.dir/build]
  ignore line: [Building C object CMakeFiles/cmTC_ab542.dir/CMakeCCompilerABI.c.o]
  ignore line: [/Applications/Xcode.app/Contents/Developer/Toolchains/XcodeDefault.xctoolchain/usr/bin/cc   -isysroot /Applications/Xcode.app/Contents/Developer/Platforms/MacOSX.platform/Developer/SDKs/MacOSX10.14.sdk   -o CMakeFiles/cmTC_ab542.dir/CMakeCCompilerABI.c.o   -c /Applications/CMake.app/Contents/share/cmake-3.13/Modules/CMakeCCompilerABI.c]
  ignore line: [Linking C executable cmTC_ab542]
  ignore line: [/Applications/CMake.app/Contents/bin/cmake -E cmake_link_script CMakeFiles/cmTC_ab542.dir/link.txt --verbose=1]
  ignore line: [/Applications/Xcode.app/Contents/Developer/Toolchains/XcodeDefault.xctoolchain/usr/bin/cc   -isysroot /Applications/Xcode.app/Contents/Developer/Platforms/MacOSX.platform/Developer/SDKs/MacOSX10.14.sdk -Wl,-search_paths_first -Wl,-headerpad_max_install_names  -v -Wl,-v CMakeFiles/cmTC_ab542.dir/CMakeCCompilerABI.c.o  -o cmTC_ab542 ]
  ignore line: [Apple LLVM version 10.0.1 (clang-1001.0.46.4)]
  ignore line: [Target: x86_64-apple-darwin18.7.0]
  ignore line: [Thread model: posix]
  ignore line: [InstalledDir: /Applications/Xcode.app/Contents/Developer/Toolchains/XcodeDefault.xctoolchain/usr/bin]
  ignore line: [Found CUDA installation: /Developer/NVIDIA/CUDA-9.1, version 9.1]
  link line: [ "/Applications/Xcode.app/Contents/Developer/Toolchains/XcodeDefault.xctoolchain/usr/bin/ld" -demangle -lto_library /Applications/Xcode.app/Contents/Developer/Toolchains/XcodeDefault.xctoolchain/usr/lib/libLTO.dylib -dynamic -arch x86_64 -macosx_version_min 10.14.0 -syslibroot /Applications/Xcode.app/Contents/Developer/Platforms/MacOSX.platform/Developer/SDKs/MacOSX10.14.sdk -o cmTC_ab542 -search_paths_first -headerpad_max_install_names -v CMakeFiles/cmTC_ab542.dir/CMakeCCompilerABI.c.o -lSystem /Applications/Xcode.app/Contents/Developer/Toolchains/XcodeDefault.xctoolchain/usr/lib/clang/10.0.1/lib/darwin/libclang_rt.osx.a]
    arg [/Applications/Xcode.app/Contents/Developer/Toolchains/XcodeDefault.xctoolchain/usr/bin/ld] ==> ignore
    arg [-demangle] ==> ignore
    arg [-lto_library] ==> ignore, skip following value
    arg [/Applications/Xcode.app/Contents/Developer/Toolchains/XcodeDefault.xctoolchain/usr/lib/libLTO.dylib] ==> skip value of -lto_library
    arg [-dynamic] ==> ignore
    arg [-arch] ==> ignore
    arg [x86_64] ==> ignore
    arg [-macosx_version_min] ==> ignore
    arg [10.14.0] ==> ignore
    arg [-syslibroot] ==> ignore
    arg [/Applications/Xcode.app/Contents/Developer/Platforms/MacOSX.platform/Developer/SDKs/MacOSX10.14.sdk] ==> ignore
    arg [-o] ==> ignore
    arg [cmTC_ab542] ==> ignore
    arg [-search_paths_first] ==> ignore
    arg [-headerpad_max_install_names] ==> ignore
    arg [-v] ==> ignore
    arg [CMakeFiles/cmTC_ab542.dir/CMakeCCompilerABI.c.o] ==> ignore
    arg [-lSystem] ==> lib [System]
    arg [/Applications/Xcode.app/Contents/Developer/Toolchains/XcodeDefault.xctoolchain/usr/lib/clang/10.0.1/lib/darwin/libclang_rt.osx.a] ==> lib [/Applications/Xcode.app/Contents/Developer/Toolchains/XcodeDefault.xctoolchain/usr/lib/clang/10.0.1/lib/darwin/libclang_rt.osx.a]
  Library search paths: [;/Applications/Xcode.app/Contents/Developer/Platforms/MacOSX.platform/Developer/SDKs/MacOSX10.14.sdk/usr/lib]
  Framework search paths: [;/Applications/Xcode.app/Contents/Developer/Platforms/MacOSX.platform/Developer/SDKs/MacOSX10.14.sdk/System/Library/Frameworks/]
  remove lib [System]
  remove lib [/Applications/Xcode.app/Contents/Developer/Toolchains/XcodeDefault.xctoolchain/usr/lib/clang/10.0.1/lib/darwin/libclang_rt.osx.a]
  collapse library dir [/Applications/Xcode.app/Contents/Developer/Platforms/MacOSX.platform/Developer/SDKs/MacOSX10.14.sdk/usr/lib] ==> [/Applications/Xcode.app/Contents/Developer/Platforms/MacOSX.platform/Developer/SDKs/MacOSX10.14.sdk/usr/lib]
  collapse framework dir [/Applications/Xcode.app/Contents/Developer/Platforms/MacOSX.platform/Developer/SDKs/MacOSX10.14.sdk/System/Library/Frameworks/] ==> [/Applications/Xcode.app/Contents/Developer/Platforms/MacOSX.platform/Developer/SDKs/MacOSX10.14.sdk/System/Library/Frameworks]
  implicit libs: []
  implicit dirs: [/Applications/Xcode.app/Contents/Developer/Platforms/MacOSX.platform/Developer/SDKs/MacOSX10.14.sdk/usr/lib]
  implicit fwks: [/Applications/Xcode.app/Contents/Developer/Platforms/MacOSX.platform/Developer/SDKs/MacOSX10.14.sdk/System/Library/Frameworks]




Detecting C [-std=c11] compiler features compiled with the following output:
Change Dir: /Users/jmacey/teaching/Code/WebAsm/SequenceBlock/CMakeFiles/CMakeTmp

Run Build Command:"/usr/bin/make" "cmTC_26ded/fast"
/Applications/Xcode.app/Contents/Developer/usr/bin/make -f CMakeFiles/cmTC_26ded.dir/build.make CMakeFiles/cmTC_26ded.dir/build
Building C object CMakeFiles/cmTC_26ded.dir/feature_tests.c.o
/Applications/Xcode.app/Contents/Developer/Toolchains/XcodeDefault.xctoolchain/usr/bin/cc   -isysroot /Applications/Xcode.app/Contents/Developer/Platforms/MacOSX.platform/Developer/SDKs/MacOSX10.14.sdk   -std=c11 -o CMakeFiles/cmTC_26ded.dir/feature_tests.c.o   -c /Users/jmacey/teaching/Code/WebAsm/SequenceBlock/CMakeFiles/feature_tests.c
Linking C executable cmTC_26ded
/Applications/CMake.app/Contents/bin/cmake -E cmake_link_script CMakeFiles/cmTC_26ded.dir/link.txt --verbose=1
/Applications/Xcode.app/Contents/Developer/Toolchains/XcodeDefault.xctoolchain/usr/bin/cc   -isysroot /Applications/Xcode.app/Contents/Developer/Platforms/MacOSX.platform/Developer/SDKs/MacOSX10.14.sdk -Wl,-search_paths_first -Wl,-headerpad_max_install_names   CMakeFiles/cmTC_26ded.dir/feature_tests.c.o  -o cmTC_26ded 


    Feature record: C_FEATURE:1c_function_prototypes
    Feature record: C_FEATURE:1c_restrict
    Feature record: C_FEATURE:1c_static_assert
    Feature record: C_FEATURE:1c_variadic_macros


Detecting C [-std=c99] compiler features compiled with the following output:
Change Dir: /Users/jmacey/teaching/Code/WebAsm/SequenceBlock/CMakeFiles/CMakeTmp

Run Build Command:"/usr/bin/make" "cmTC_64c22/fast"
/Applications/Xcode.app/Contents/Developer/usr/bin/make -f CMakeFiles/cmTC_64c22.dir/build.make CMakeFiles/cmTC_64c22.dir/build
Building C object CMakeFiles/cmTC_64c22.dir/feature_tests.c.o
/Applications/Xcode.app/Contents/Developer/Toolchains/XcodeDefault.xctoolchain/usr/bin/cc   -isysroot /Applications/Xcode.app/Contents/Developer/Platforms/MacOSX.platform/Developer/SDKs/MacOSX10.14.sdk   -std=c99 -o CMakeFiles/cmTC_64c22.dir/feature_tests.c.o   -c /Users/jmacey/teaching/Code/WebAsm/SequenceBlock/CMakeFiles/feature_tests.c
Linking C executable cmTC_64c22
/Applications/CMake.app/Contents/bin/cmake -E cmake_link_script CMakeFiles/cmTC_64c22.dir/link.txt --verbose=1
/Applications/Xcode.app/Contents/Developer/Toolchains/XcodeDefault.xctoolchain/usr/bin/cc   -isysroot /Applications/Xcode.app/Contents/Developer/Platforms/MacOSX.platform/Developer/SDKs/MacOSX10.14.sdk -Wl,-search_paths_first -Wl,-headerpad_max_install_names   CMakeFiles/cmTC_64c22.dir/feature_tests.c.o  -o cmTC_64c22 


    Feature record: C_FEATURE:1c_function_prototypes
    Feature record: C_FEATURE:1c_restrict
    Feature record: C_FEATURE:0c_static_assert
    Feature record: C_FEATURE:1c_variadic_macros


Detecting C [-std=c90] compiler features compiled with the following output:
Change Dir: /Users/jmacey/teaching/Code/WebAsm/SequenceBlock/CMakeFiles/CMakeTmp

Run Build Command:"/usr/bin/make" "cmTC_639ca/fast"
/Applications/Xcode.app/Contents/Developer/usr/bin/make -f CMakeFiles/cmTC_639ca.dir/build.make CMakeFiles/cmTC_639ca.dir/build
Building C object CMakeFiles/cmTC_639ca.dir/feature_tests.c.o
/Applications/Xcode.app/Contents/Developer/Toolchains/XcodeDefault.xctoolchain/usr/bin/cc   -isysroot /Applications/Xcode.app/Contents/Developer/Platforms/MacOSX.platform/Developer/SDKs/MacOSX10.14.sdk   -std=c90 -o CMakeFiles/cmTC_639ca.dir/feature_tests.c.o   -c /Users/jmacey/teaching/Code/WebAsm/SequenceBlock/CMakeFiles/feature_tests.c
Linking C executable cmTC_639ca
/Applications/CMake.app/Contents/bin/cmake -E cmake_link_script CMakeFiles/cmTC_639ca.dir/link.txt --verbose=1
/Applications/Xcode.app/Contents/Developer/Toolchains/XcodeDefault.xctoolchain/usr/bin/cc   -isysroot /Applications/Xcode.app/Contents/Developer/Platforms/MacOSX.platform/Developer/SDKs/MacOSX10.14.sdk -Wl,-search_paths_first -Wl,-headerpad_max_install_names   CMakeFiles/cmTC_639ca.dir/feature_tests.c.o  -o cmTC_639ca 


    Feature record: C_FEATURE:1c_function_prototypes
    Feature record: C_FEATURE:0c_restrict
    Feature record: C_FEATURE:0c_static_assert
    Feature record: C_FEATURE:0c_variadic_macros
Determining if the CXX compiler works passed with the following output:
Change Dir: /Users/jmacey/teaching/Code/WebAsm/SequenceBlock/CMakeFiles/CMakeTmp

Run Build Command:"/usr/bin/make" "cmTC_1c4df/fast"
/Applications/Xcode.app/Contents/Developer/usr/bin/make -f CMakeFiles/cmTC_1c4df.dir/build.make CMakeFiles/cmTC_1c4df.dir/build
Building CXX object CMakeFiles/cmTC_1c4df.dir/testCXXCompiler.cxx.o
/Users/jmacey/emsdk/fastcomp/emscripten/em++    -s WASM=1 -s USE_SDL=2 -O3  -isysroot /Applications/Xcode.app/Contents/Developer/Platforms/MacOSX.platform/Developer/SDKs/MacOSX10.14.sdk   -o CMakeFiles/cmTC_1c4df.dir/testCXXCompiler.cxx.o -c /Users/jmacey/teaching/Code/WebAsm/SequenceBlock/CMakeFiles/CMakeTmp/testCXXCompiler.cxx
Linking CXX executable cmTC_1c4df
/Applications/CMake.app/Contents/bin/cmake -E cmake_link_script CMakeFiles/cmTC_1c4df.dir/link.txt --verbose=1
/Users/jmacey/emsdk/fastcomp/emscripten/em++  -s WASM=1 -s USE_SDL=2 -O3  -isysroot /Applications/Xcode.app/Contents/Developer/Platforms/MacOSX.platform/Developer/SDKs/MacOSX10.14.sdk -Wl,-search_paths_first -Wl,-headerpad_max_install_names   CMakeFiles/cmTC_1c4df.dir/testCXXCompiler.cxx.o  -o cmTC_1c4df 
emcc:WARNING: ignoring unsupported linker flag: `-search_paths_first`
emcc:WARNING: ignoring unsupported linker flag: `-headerpad_max_install_names`


Detecting CXX compiler ABI info compiled with the following output:
Change Dir: /Users/jmacey/teaching/Code/WebAsm/SequenceBlock/CMakeFiles/CMakeTmp

Run Build Command:"/usr/bin/make" "cmTC_d9a19/fast"
/Applications/Xcode.app/Contents/Developer/usr/bin/make -f CMakeFiles/cmTC_d9a19.dir/build.make CMakeFiles/cmTC_d9a19.dir/build
Building CXX object CMakeFiles/cmTC_d9a19.dir/CMakeCXXCompilerABI.cpp.o
/Users/jmacey/emsdk/fastcomp/emscripten/em++    -s WASM=1 -s USE_SDL=2 -O3  -isysroot /Applications/Xcode.app/Contents/Developer/Platforms/MacOSX.platform/Developer/SDKs/MacOSX10.14.sdk   -o CMakeFiles/cmTC_d9a19.dir/CMakeCXXCompilerABI.cpp.o -c /Applications/CMake.app/Contents/share/cmake-3.13/Modules/CMakeCXXCompilerABI.cpp
Linking CXX executable cmTC_d9a19
/Applications/CMake.app/Contents/bin/cmake -E cmake_link_script CMakeFiles/cmTC_d9a19.dir/link.txt --verbose=1
/Users/jmacey/emsdk/fastcomp/emscripten/em++  -s WASM=1 -s USE_SDL=2 -O3  -isysroot /Applications/Xcode.app/Contents/Developer/Platforms/MacOSX.platform/Developer/SDKs/MacOSX10.14.sdk -Wl,-search_paths_first -Wl,-headerpad_max_install_names  -v -Wl,-v CMakeFiles/cmTC_d9a19.dir/CMakeCXXCompilerABI.cpp.o  -o cmTC_d9a19 
shared:INFO: (Emscripten: Running sanity checks)
emcc:WARNING: ignoring unsupported linker flag: `-search_paths_first`
emcc:WARNING: ignoring unsupported linker flag: `-headerpad_max_install_names`
emcc:WARNING: ignoring unsupported linker flag: `-v`
 "/Users/jmacey/emsdk/fastcomp/fastcomp/bin/llvm-link" CMakeFiles/cmTC_d9a19.dir/CMakeCXXCompilerABI.cpp.o -o cmTC_d9a19


Parsed CXX implicit link information from above output:
  link line regex: [^( *|.*[/\])(ld|CMAKE_LINK_STARTFILE-NOTFOUND|([^/\]+-)?ld|collect2)[^/\]*( |$)]
  ignore line: [Change Dir: /Users/jmacey/teaching/Code/WebAsm/SequenceBlock/CMakeFiles/CMakeTmp]
  ignore line: []
  ignore line: [Run Build Command:"/usr/bin/make" "cmTC_d9a19/fast"]
  ignore line: [/Applications/Xcode.app/Contents/Developer/usr/bin/make -f CMakeFiles/cmTC_d9a19.dir/build.make CMakeFiles/cmTC_d9a19.dir/build]
  ignore line: [Building CXX object CMakeFiles/cmTC_d9a19.dir/CMakeCXXCompilerABI.cpp.o]
  ignore line: [/Users/jmacey/emsdk/fastcomp/emscripten/em++    -s WASM=1 -s USE_SDL=2 -O3  -isysroot /Applications/Xcode.app/Contents/Developer/Platforms/MacOSX.platform/Developer/SDKs/MacOSX10.14.sdk   -o CMakeFiles/cmTC_d9a19.dir/CMakeCXXCompilerABI.cpp.o -c /Applications/CMake.app/Contents/share/cmake-3.13/Modules/CMakeCXXCompilerABI.cpp]
  ignore line: [Linking CXX executable cmTC_d9a19]
  ignore line: [/Applications/CMake.app/Contents/bin/cmake -E cmake_link_script CMakeFiles/cmTC_d9a19.dir/link.txt --verbose=1]
  ignore line: [/Users/jmacey/emsdk/fastcomp/emscripten/em++  -s WASM=1 -s USE_SDL=2 -O3  -isysroot /Applications/Xcode.app/Contents/Developer/Platforms/MacOSX.platform/Developer/SDKs/MacOSX10.14.sdk -Wl,-search_paths_first -Wl,-headerpad_max_install_names  -v -Wl,-v CMakeFiles/cmTC_d9a19.dir/CMakeCXXCompilerABI.cpp.o  -o cmTC_d9a19 ]
  ignore line: [shared:INFO: (Emscripten: Running sanity checks)]
  ignore line: [emcc:WARNING: ignoring unsupported linker flag: `-search_paths_first`]
  ignore line: [emcc:WARNING: ignoring unsupported linker flag: `-headerpad_max_install_names`]
  ignore line: [emcc:WARNING: ignoring unsupported linker flag: `-v`]
  ignore line: [ "/Users/jmacey/emsdk/fastcomp/fastcomp/bin/llvm-link" CMakeFiles/cmTC_d9a19.dir/CMakeCXXCompilerABI.cpp.o -o cmTC_d9a19]
  ignore line: []
  implicit libs: []
  implicit dirs: []
  implicit fwks: []




Detecting CXX [-std=c++2a] compiler features compiled with the following output:
Change Dir: /Users/jmacey/teaching/Code/WebAsm/SequenceBlock/CMakeFiles/CMakeTmp

Run Build Command:"/usr/bin/make" "cmTC_bbd97/fast"
/Applications/Xcode.app/Contents/Developer/usr/bin/make -f CMakeFiles/cmTC_bbd97.dir/build.make CMakeFiles/cmTC_bbd97.dir/build
Building CXX object CMakeFiles/cmTC_bbd97.dir/feature_tests.cxx.o
/Users/jmacey/emsdk/fastcomp/emscripten/em++    -s WASM=1 -s USE_SDL=2 -O3  -isysroot /Applications/Xcode.app/Contents/Developer/Platforms/MacOSX.platform/Developer/SDKs/MacOSX10.14.sdk   -std=c++2a -o CMakeFiles/cmTC_bbd97.dir/feature_tests.cxx.o -c /Users/jmacey/teaching/Code/WebAsm/SequenceBlock/CMakeFiles/feature_tests.cxx
Linking CXX executable cmTC_bbd97
/Applications/CMake.app/Contents/bin/cmake -E cmake_link_script CMakeFiles/cmTC_bbd97.dir/link.txt --verbose=1
/Users/jmacey/emsdk/fastcomp/emscripten/em++  -s WASM=1 -s USE_SDL=2 -O3  -isysroot /Applications/Xcode.app/Contents/Developer/Platforms/MacOSX.platform/Developer/SDKs/MacOSX10.14.sdk -Wl,-search_paths_first -Wl,-headerpad_max_install_names   CMakeFiles/cmTC_bbd97.dir/feature_tests.cxx.o  -o cmTC_bbd97 
emcc:WARNING: ignoring unsupported linker flag: `-search_paths_first`
emcc:WARNING: ignoring unsupported linker flag: `-headerpad_max_install_names`




Detecting CXX [-std=c++17] compiler features compiled with the following output:
Change Dir: /Users/jmacey/teaching/Code/WebAsm/SequenceBlock/CMakeFiles/CMakeTmp

Run Build Command:"/usr/bin/make" "cmTC_074d6/fast"
/Applications/Xcode.app/Contents/Developer/usr/bin/make -f CMakeFiles/cmTC_074d6.dir/build.make CMakeFiles/cmTC_074d6.dir/build
Building CXX object CMakeFiles/cmTC_074d6.dir/feature_tests.cxx.o
/Users/jmacey/emsdk/fastcomp/emscripten/em++    -s WASM=1 -s USE_SDL=2 -O3  -isysroot /Applications/Xcode.app/Contents/Developer/Platforms/MacOSX.platform/Developer/SDKs/MacOSX10.14.sdk   -std=c++17 -o CMakeFiles/cmTC_074d6.dir/feature_tests.cxx.o -c /Users/jmacey/teaching/Code/WebAsm/SequenceBlock/CMakeFiles/feature_tests.cxx
Linking CXX executable cmTC_074d6
/Applications/CMake.app/Contents/bin/cmake -E cmake_link_script CMakeFiles/cmTC_074d6.dir/link.txt --verbose=1
/Users/jmacey/emsdk/fastcomp/emscripten/em++  -s WASM=1 -s USE_SDL=2 -O3  -isysroot /Applications/Xcode.app/Contents/Developer/Platforms/MacOSX.platform/Developer/SDKs/MacOSX10.14.sdk -Wl,-search_paths_first -Wl,-headerpad_max_install_names   CMakeFiles/cmTC_074d6.dir/feature_tests.cxx.o  -o cmTC_074d6 
emcc:WARNING: ignoring unsupported linker flag: `-search_paths_first`
emcc:WARNING: ignoring unsupported linker flag: `-headerpad_max_install_names`




Detecting CXX [-std=c++14] compiler features compiled with the following output:
Change Dir: /Users/jmacey/teaching/Code/WebAsm/SequenceBlock/CMakeFiles/CMakeTmp

Run Build Command:"/usr/bin/make" "cmTC_fcbcd/fast"
/Applications/Xcode.app/Contents/Developer/usr/bin/make -f CMakeFiles/cmTC_fcbcd.dir/build.make CMakeFiles/cmTC_fcbcd.dir/build
Building CXX object CMakeFiles/cmTC_fcbcd.dir/feature_tests.cxx.o
/Users/jmacey/emsdk/fastcomp/emscripten/em++    -s WASM=1 -s USE_SDL=2 -O3  -isysroot /Applications/Xcode.app/Contents/Developer/Platforms/MacOSX.platform/Developer/SDKs/MacOSX10.14.sdk   -std=c++14 -o CMakeFiles/cmTC_fcbcd.dir/feature_tests.cxx.o -c /Users/jmacey/teaching/Code/WebAsm/SequenceBlock/CMakeFiles/feature_tests.cxx
Linking CXX executable cmTC_fcbcd
/Applications/CMake.app/Contents/bin/cmake -E cmake_link_script CMakeFiles/cmTC_fcbcd.dir/link.txt --verbose=1
/Users/jmacey/emsdk/fastcomp/emscripten/em++  -s WASM=1 -s USE_SDL=2 -O3  -isysroot /Applications/Xcode.app/Contents/Developer/Platforms/MacOSX.platform/Developer/SDKs/MacOSX10.14.sdk -Wl,-search_paths_first -Wl,-headerpad_max_install_names   CMakeFiles/cmTC_fcbcd.dir/feature_tests.cxx.o  -o cmTC_fcbcd 
emcc:WARNING: ignoring unsupported linker flag: `-search_paths_first`
emcc:WARNING: ignoring unsupported linker flag: `-headerpad_max_install_names`




Detecting CXX [-std=c++11] compiler features compiled with the following output:
Change Dir: /Users/jmacey/teaching/Code/WebAsm/SequenceBlock/CMakeFiles/CMakeTmp

Run Build Command:"/usr/bin/make" "cmTC_1b7d3/fast"
/Applications/Xcode.app/Contents/Developer/usr/bin/make -f CMakeFiles/cmTC_1b7d3.dir/build.make CMakeFiles/cmTC_1b7d3.dir/build
Building CXX object CMakeFiles/cmTC_1b7d3.dir/feature_tests.cxx.o
/Users/jmacey/emsdk/fastcomp/emscripten/em++    -s WASM=1 -s USE_SDL=2 -O3  -isysroot /Applications/Xcode.app/Contents/Developer/Platforms/MacOSX.platform/Developer/SDKs/MacOSX10.14.sdk   -std=c++11 -o CMakeFiles/cmTC_1b7d3.dir/feature_tests.cxx.o -c /Users/jmacey/teaching/Code/WebAsm/SequenceBlock/CMakeFiles/feature_tests.cxx
Linking CXX executable cmTC_1b7d3
/Applications/CMake.app/Contents/bin/cmake -E cmake_link_script CMakeFiles/cmTC_1b7d3.dir/link.txt --verbose=1
/Users/jmacey/emsdk/fastcomp/emscripten/em++  -s WASM=1 -s USE_SDL=2 -O3  -isysroot /Applications/Xcode.app/Contents/Developer/Platforms/MacOSX.platform/Developer/SDKs/MacOSX10.14.sdk -Wl,-search_paths_first -Wl,-headerpad_max_install_names   CMakeFiles/cmTC_1b7d3.dir/feature_tests.cxx.o  -o cmTC_1b7d3 
emcc:WARNING: ignoring unsupported linker flag: `-search_paths_first`
emcc:WARNING: ignoring unsupported linker flag: `-headerpad_max_install_names`




Detecting CXX [-std=c++98] compiler features compiled with the following output:
Change Dir: /Users/jmacey/teaching/Code/WebAsm/SequenceBlock/CMakeFiles/CMakeTmp

Run Build Command:"/usr/bin/make" "cmTC_6daa5/fast"
/Applications/Xcode.app/Contents/Developer/usr/bin/make -f CMakeFiles/cmTC_6daa5.dir/build.make CMakeFiles/cmTC_6daa5.dir/build
Building CXX object CMakeFiles/cmTC_6daa5.dir/feature_tests.cxx.o
/Users/jmacey/emsdk/fastcomp/emscripten/em++    -s WASM=1 -s USE_SDL=2 -O3  -isysroot /Applications/Xcode.app/Contents/Developer/Platforms/MacOSX.platform/Developer/SDKs/MacOSX10.14.sdk   -std=c++98 -o CMakeFiles/cmTC_6daa5.dir/feature_tests.cxx.o -c /Users/jmacey/teaching/Code/WebAsm/SequenceBlock/CMakeFiles/feature_tests.cxx
Linking CXX executable cmTC_6daa5
/Applications/CMake.app/Contents/bin/cmake -E cmake_link_script CMakeFiles/cmTC_6daa5.dir/link.txt --verbose=1
/Users/jmacey/emsdk/fastcomp/emscripten/em++  -s WASM=1 -s USE_SDL=2 -O3  -isysroot /Applications/Xcode.app/Contents/Developer/Platforms/MacOSX.platform/Developer/SDKs/MacOSX10.14.sdk -Wl,-search_paths_first -Wl,-headerpad_max_install_names   CMakeFiles/cmTC_6daa5.dir/feature_tests.cxx.o  -o cmTC_6daa5 
emcc:WARNING: ignoring unsupported linker flag: `-search_paths_first`
emcc:WARNING: ignoring unsupported linker flag: `-headerpad_max_install_names`


